{"name": "test_example", "status": "failed", "statusDetails": {"message": "AssertionError: assert 'Example Domain' in 'Floward WMS'\n +  where 'Floward WMS' = title()\n +    where title = <Page url='https://wms.staging.floward.io/'>.title", "trace": "browser_context = <BrowserContext browser=<Browser type=<BrowserType name=chromium executable_path=/Users/thomascs/Library/Caches/ms-playwright/chromium-1140/chrome-mac/Chromium.app/Contents/MacOS/Chromium> version=130.0.6723.31>>\n\n    def test_example(browser_context):\n        config = load_config()\n        page = browser_context.new_page()\n        base_page = BasePage(page)\n        base_page.navigate(config[\"base_url\"])\n>       assert \"Example Domain\" in page.title()\nE       AssertionError: assert 'Example Domain' in 'Floward WMS'\nE        +  where 'Floward WMS' = title()\nE        +    where title = <Page url='https://wms.staging.floward.io/'>.title\n\ntests/test_example.py:12: AssertionError"}, "start": 1731670899048, "stop": 1731670901522, "uuid": "c16587ce-2ba7-47cc-b80b-ade767d21455", "historyId": "ac64ba0699b9eb4df3e3501d3d9cccf5", "testCaseId": "ac64ba0699b9eb4df3e3501d3d9cccf5", "fullName": "tests.test_example#test_example", "labels": [{"name": "parentSuite", "value": "tests"}, {"name": "suite", "value": "test_example"}, {"name": "host", "value": "Thomass-MacBook-Pro.local"}, {"name": "thread", "value": "77975-MainThread"}, {"name": "framework", "value": "pytest"}, {"name": "language", "value": "cpython3"}, {"name": "package", "value": "tests.test_example"}]}